2022-06-04 22:45:30.064 [background-preinit] INFO  org.hibernate.validator.internal.util.Version - HV000001: Hibernate Validator 6.2.3.Final
2022-06-04 22:45:30.064 [main] INFO  com.whalefall.learncases.valid.customvalid.Tester - Starting Tester using Java 1.8.0_212 on DESKTOP-8EFCN0M with PID 3820 (started by chenglong in C:\Users\chenglong\Desktop\learncases)
2022-06-04 22:45:30.064 [main] INFO  com.whalefall.learncases.valid.customvalid.Tester - No active profile set, falling back to 1 default profile: "default"
2022-06-04 22:45:31.311 [main] INFO  c.w.learncases.exception.ExceptionConfiguration - Creating SimpleMappingExceptionResolver
2022-06-04 22:45:32.402 [main] INFO  o.s.b.test.mock.web.SpringBootMockServletContext - Initializing Spring TestDispatcherServlet ''
2022-06-04 22:45:32.403 [main] INFO  o.s.test.web.servlet.TestDispatcherServlet - Initializing Servlet ''
2022-06-04 22:45:32.404 [main] INFO  o.s.test.web.servlet.TestDispatcherServlet - Completed initialization in 1 ms
2022-06-04 22:45:32.428 [main] INFO  com.whalefall.learncases.valid.customvalid.Tester - Started Tester in 3.118 seconds (JVM running for 5.227)
2022-06-04 22:46:30.485 [background-preinit] INFO  org.hibernate.validator.internal.util.Version - HV000001: Hibernate Validator 6.2.3.Final
2022-06-04 22:46:30.501 [main] INFO  com.whalefall.learncases.valid.customvalid.Tester - Starting Tester using Java 1.8.0_212 on DESKTOP-8EFCN0M with PID 2688 (started by chenglong in C:\Users\chenglong\Desktop\learncases)
2022-06-04 22:46:30.516 [main] INFO  com.whalefall.learncases.valid.customvalid.Tester - No active profile set, falling back to 1 default profile: "default"
2022-06-04 22:46:31.829 [main] INFO  c.w.learncases.exception.ExceptionConfiguration - Creating SimpleMappingExceptionResolver
2022-06-04 22:46:33.186 [main] INFO  o.s.b.test.mock.web.SpringBootMockServletContext - Initializing Spring TestDispatcherServlet ''
2022-06-04 22:46:33.194 [main] INFO  o.s.test.web.servlet.TestDispatcherServlet - Initializing Servlet ''
2022-06-04 22:46:33.194 [main] INFO  o.s.test.web.servlet.TestDispatcherServlet - Completed initialization in 0 ms
2022-06-04 22:46:33.227 [main] INFO  com.whalefall.learncases.valid.customvalid.Tester - Started Tester in 3.478 seconds (JVM running for 5.532)
2022-06-04 22:46:45.195 [background-preinit] INFO  org.hibernate.validator.internal.util.Version - HV000001: Hibernate Validator 6.2.3.Final
2022-06-04 22:46:45.211 [main] INFO  com.whalefall.learncases.LearncasesApplication - Starting LearncasesApplication using Java 1.8.0_212 on DESKTOP-8EFCN0M with PID 1220 (C:\Users\chenglong\Desktop\learncases\target\classes started by chenglong in C:\Users\chenglong\Desktop\learncases)
2022-06-04 22:46:45.211 [main] INFO  com.whalefall.learncases.LearncasesApplication - No active profile set, falling back to 1 default profile: "default"
2022-06-04 22:46:46.499 [main] INFO  o.s.boot.web.embedded.tomcat.TomcatWebServer - Tomcat initialized with port(s): 8080 (http)
2022-06-04 22:46:46.499 [main] INFO  org.apache.coyote.http11.Http11NioProtocol - Initializing ProtocolHandler ["http-nio-8080"]
2022-06-04 22:46:46.499 [main] INFO  org.apache.catalina.core.StandardService - Starting service [Tomcat]
2022-06-04 22:46:46.499 [main] INFO  org.apache.catalina.core.StandardEngine - Starting Servlet engine: [Apache Tomcat/9.0.63]
2022-06-04 22:46:46.700 [main] INFO  o.a.c.core.ContainerBase.[Tomcat].[localhost].[/] - Initializing Spring embedded WebApplicationContext
2022-06-04 22:46:46.700 [main] INFO  o.s.b.w.s.c.ServletWebServerApplicationContext - Root WebApplicationContext: initialization completed in 1436 ms
2022-06-04 22:46:46.793 [main] INFO  c.w.learncases.exception.ExceptionConfiguration - Creating SimpleMappingExceptionResolver
2022-06-04 22:46:47.253 [main] INFO  org.apache.coyote.http11.Http11NioProtocol - Starting ProtocolHandler ["http-nio-8080"]
2022-06-04 22:46:47.269 [main] INFO  o.s.boot.web.embedded.tomcat.TomcatWebServer - Tomcat started on port(s): 8080 (http) with context path ''
2022-06-04 22:46:47.285 [main] INFO  com.whalefall.learncases.LearncasesApplication - Started LearncasesApplication in 2.837 seconds (JVM running for 4.151)
2022-06-04 22:47:07.634 [background-preinit] INFO  org.hibernate.validator.internal.util.Version - HV000001: Hibernate Validator 6.2.3.Final
2022-06-04 22:47:07.642 [main] INFO  com.whalefall.learncases.LearncasesApplication - Starting LearncasesApplication using Java 1.8.0_212 on DESKTOP-8EFCN0M with PID 10728 (C:\Users\chenglong\Desktop\learncases\target\classes started by chenglong in C:\Users\chenglong\Desktop\learncases)
2022-06-04 22:47:07.643 [main] INFO  com.whalefall.learncases.LearncasesApplication - No active profile set, falling back to 1 default profile: "default"
2022-06-04 22:47:08.883 [main] INFO  o.s.boot.web.embedded.tomcat.TomcatWebServer - Tomcat initialized with port(s): 8080 (http)
2022-06-04 22:47:08.899 [main] INFO  org.apache.coyote.http11.Http11NioProtocol - Initializing ProtocolHandler ["http-nio-8080"]
2022-06-04 22:47:08.899 [main] INFO  org.apache.catalina.core.StandardService - Starting service [Tomcat]
2022-06-04 22:47:08.899 [main] INFO  org.apache.catalina.core.StandardEngine - Starting Servlet engine: [Apache Tomcat/9.0.63]
2022-06-04 22:47:09.052 [main] INFO  o.a.c.core.ContainerBase.[Tomcat].[localhost].[/] - Initializing Spring embedded WebApplicationContext
2022-06-04 22:47:09.052 [main] INFO  o.s.b.w.s.c.ServletWebServerApplicationContext - Root WebApplicationContext: initialization completed in 1349 ms
2022-06-04 22:47:09.130 [main] INFO  c.w.learncases.exception.ExceptionConfiguration - Creating SimpleMappingExceptionResolver
2022-06-04 22:47:09.453 [main] INFO  org.apache.coyote.http11.Http11NioProtocol - Starting ProtocolHandler ["http-nio-8080"]
2022-06-04 22:47:09.469 [main] INFO  o.s.boot.web.embedded.tomcat.TomcatWebServer - Tomcat started on port(s): 8080 (http) with context path ''
2022-06-04 22:47:09.484 [main] INFO  com.whalefall.learncases.LearncasesApplication - Started LearncasesApplication in 2.629 seconds (JVM running for 4.008)
2022-06-04 22:47:13.559 [http-nio-8080-exec-1] INFO  o.a.c.core.ContainerBase.[Tomcat].[localhost].[/] - Initializing Spring DispatcherServlet 'dispatcherServlet'
2022-06-04 22:47:13.559 [http-nio-8080-exec-1] INFO  org.springframework.web.servlet.DispatcherServlet - Initializing Servlet 'dispatcherServlet'
2022-06-04 22:47:13.559 [http-nio-8080-exec-1] INFO  org.springframework.web.servlet.DispatcherServlet - Completed initialization in 0 ms
2022-06-04 22:48:47.672 [background-preinit] INFO  org.hibernate.validator.internal.util.Version - HV000001: Hibernate Validator 6.2.3.Final
2022-06-04 22:48:47.680 [main] INFO  com.whalefall.learncases.LearncasesApplication - Starting LearncasesApplication using Java 1.8.0_212 on DESKTOP-8EFCN0M with PID 10136 (C:\Users\chenglong\Desktop\learncases\target\classes started by chenglong in C:\Users\chenglong\Desktop\learncases)
2022-06-04 22:48:47.680 [main] INFO  com.whalefall.learncases.LearncasesApplication - No active profile set, falling back to 1 default profile: "default"
2022-06-04 22:48:49.051 [main] INFO  o.s.boot.web.embedded.tomcat.TomcatWebServer - Tomcat initialized with port(s): 8080 (http)
2022-06-04 22:48:49.067 [main] INFO  org.apache.coyote.http11.Http11NioProtocol - Initializing ProtocolHandler ["http-nio-8080"]
2022-06-04 22:48:49.067 [main] INFO  org.apache.catalina.core.StandardService - Starting service [Tomcat]
2022-06-04 22:48:49.067 [main] INFO  org.apache.catalina.core.StandardEngine - Starting Servlet engine: [Apache Tomcat/9.0.63]
2022-06-04 22:48:49.270 [main] INFO  o.a.c.core.ContainerBase.[Tomcat].[localhost].[/] - Initializing Spring embedded WebApplicationContext
2022-06-04 22:48:49.270 [main] INFO  o.s.b.w.s.c.ServletWebServerApplicationContext - Root WebApplicationContext: initialization completed in 1515 ms
2022-06-04 22:48:49.355 [main] INFO  c.w.learncases.exception.ExceptionConfiguration - Creating SimpleMappingExceptionResolver
2022-06-04 22:48:49.787 [main] INFO  org.apache.coyote.http11.Http11NioProtocol - Starting ProtocolHandler ["http-nio-8080"]
2022-06-04 22:48:49.803 [main] INFO  o.s.boot.web.embedded.tomcat.TomcatWebServer - Tomcat started on port(s): 8080 (http) with context path ''
2022-06-04 22:48:49.825 [main] INFO  com.whalefall.learncases.LearncasesApplication - Started LearncasesApplication in 3.02 seconds (JVM running for 4.811)
2022-06-04 22:51:47.452 [main] INFO  com.whalefall.learncases.LearncasesApplication - Starting LearncasesApplication using Java 1.8.0_212 on DESKTOP-8EFCN0M with PID 4000 (C:\Users\chenglong\Desktop\learncases\target\classes started by chenglong in C:\Users\chenglong\Desktop\learncases)
2022-06-04 22:51:47.452 [background-preinit] INFO  org.hibernate.validator.internal.util.Version - HV000001: Hibernate Validator 6.2.3.Final
2022-06-04 22:51:47.468 [main] INFO  com.whalefall.learncases.LearncasesApplication - No active profile set, falling back to 1 default profile: "default"
2022-06-04 22:51:48.787 [main] INFO  o.s.boot.web.embedded.tomcat.TomcatWebServer - Tomcat initialized with port(s): 8080 (http)
2022-06-04 22:51:48.803 [main] INFO  org.apache.coyote.http11.Http11NioProtocol - Initializing ProtocolHandler ["http-nio-8080"]
2022-06-04 22:51:48.804 [main] INFO  org.apache.catalina.core.StandardService - Starting service [Tomcat]
2022-06-04 22:51:48.804 [main] INFO  org.apache.catalina.core.StandardEngine - Starting Servlet engine: [Apache Tomcat/9.0.63]
2022-06-04 22:51:48.987 [main] INFO  o.a.c.core.ContainerBase.[Tomcat].[localhost].[/] - Initializing Spring embedded WebApplicationContext
2022-06-04 22:51:48.987 [main] INFO  o.s.b.w.s.c.ServletWebServerApplicationContext - Root WebApplicationContext: initialization completed in 1457 ms
2022-06-04 22:51:49.072 [main] INFO  c.w.learncases.exception.ExceptionConfiguration - Creating SimpleMappingExceptionResolver
2022-06-04 22:51:49.442 [main] INFO  org.apache.coyote.http11.Http11NioProtocol - Starting ProtocolHandler ["http-nio-8080"]
2022-06-04 22:51:49.458 [main] INFO  o.s.boot.web.embedded.tomcat.TomcatWebServer - Tomcat started on port(s): 8080 (http) with context path ''
2022-06-04 22:51:49.473 [main] INFO  com.whalefall.learncases.LearncasesApplication - Started LearncasesApplication in 2.759 seconds (JVM running for 4.091)
2022-06-04 22:51:51.539 [http-nio-8080-exec-2] INFO  o.a.c.core.ContainerBase.[Tomcat].[localhost].[/] - Initializing Spring DispatcherServlet 'dispatcherServlet'
2022-06-04 22:51:51.539 [http-nio-8080-exec-2] INFO  org.springframework.web.servlet.DispatcherServlet - Initializing Servlet 'dispatcherServlet'
2022-06-04 22:51:51.539 [http-nio-8080-exec-2] INFO  org.springframework.web.servlet.DispatcherServlet - Completed initialization in 0 ms
2022-06-04 22:54:49.762 [background-preinit] INFO  org.hibernate.validator.internal.util.Version - HV000001: Hibernate Validator 6.2.3.Final
2022-06-04 22:54:49.762 [main] INFO  com.whalefall.learncases.valid.customvalid.Tester - Starting Tester using Java 1.8.0_212 on DESKTOP-8EFCN0M with PID 572 (started by chenglong in C:\Users\chenglong\Desktop\learncases)
2022-06-04 22:54:49.762 [main] INFO  com.whalefall.learncases.valid.customvalid.Tester - No active profile set, falling back to 1 default profile: "default"
2022-06-04 22:54:51.158 [main] INFO  c.w.learncases.exception.ExceptionConfiguration - Creating SimpleMappingExceptionResolver
2022-06-04 22:54:52.337 [main] INFO  o.s.b.test.mock.web.SpringBootMockServletContext - Initializing Spring TestDispatcherServlet ''
2022-06-04 22:54:52.337 [main] INFO  o.s.test.web.servlet.TestDispatcherServlet - Initializing Servlet ''
2022-06-04 22:54:52.337 [main] INFO  o.s.test.web.servlet.TestDispatcherServlet - Completed initialization in 0 ms
2022-06-04 22:54:52.367 [main] INFO  com.whalefall.learncases.valid.customvalid.Tester - Started Tester in 3.404 seconds (JVM running for 5.422)
2022-06-04 22:55:59.756 [background-preinit] INFO  org.hibernate.validator.internal.util.Version - HV000001: Hibernate Validator 6.2.3.Final
2022-06-04 22:55:59.771 [main] INFO  com.whalefall.learncases.valid.customvalid.Tester - Starting Tester using Java 1.8.0_212 on DESKTOP-8EFCN0M with PID 5476 (started by chenglong in C:\Users\chenglong\Desktop\learncases)
2022-06-04 22:55:59.771 [main] INFO  com.whalefall.learncases.valid.customvalid.Tester - No active profile set, falling back to 1 default profile: "default"
2022-06-04 22:56:01.075 [main] INFO  c.w.learncases.exception.ExceptionConfiguration - Creating SimpleMappingExceptionResolver
2022-06-04 22:56:02.170 [main] INFO  o.s.b.test.mock.web.SpringBootMockServletContext - Initializing Spring TestDispatcherServlet ''
2022-06-04 22:56:02.170 [main] INFO  o.s.test.web.servlet.TestDispatcherServlet - Initializing Servlet ''
2022-06-04 22:56:02.172 [main] INFO  o.s.test.web.servlet.TestDispatcherServlet - Completed initialization in 2 ms
2022-06-04 22:56:02.192 [main] INFO  com.whalefall.learncases.valid.customvalid.Tester - Started Tester in 3.153 seconds (JVM running for 5.072)
2022-06-04 22:57:00.408 [background-preinit] INFO  org.hibernate.validator.internal.util.Version - HV000001: Hibernate Validator 6.2.3.Final
2022-06-04 22:57:00.408 [main] INFO  com.whalefall.learncases.valid.customvalid.Tester - Starting Tester using Java 1.8.0_212 on DESKTOP-8EFCN0M with PID 428 (started by chenglong in C:\Users\chenglong\Desktop\learncases)
2022-06-04 22:57:00.408 [main] INFO  com.whalefall.learncases.valid.customvalid.Tester - No active profile set, falling back to 1 default profile: "default"
2022-06-04 22:57:01.719 [main] INFO  c.w.learncases.exception.ExceptionConfiguration - Creating SimpleMappingExceptionResolver
2022-06-04 22:57:03.039 [main] INFO  o.s.b.test.mock.web.SpringBootMockServletContext - Initializing Spring TestDispatcherServlet ''
2022-06-04 22:57:03.039 [main] INFO  o.s.test.web.servlet.TestDispatcherServlet - Initializing Servlet ''
2022-06-04 22:57:03.041 [main] INFO  o.s.test.web.servlet.TestDispatcherServlet - Completed initialization in 2 ms
2022-06-04 22:57:03.071 [main] INFO  com.whalefall.learncases.valid.customvalid.Tester - Started Tester in 3.384 seconds (JVM running for 5.416)
2022-06-04 22:58:31.037 [background-preinit] INFO  org.hibernate.validator.internal.util.Version - HV000001: Hibernate Validator 6.2.3.Final
2022-06-04 22:58:31.053 [main] INFO  com.whalefall.learncases.valid.customvalid.Tester - Starting Tester using Java 1.8.0_212 on DESKTOP-8EFCN0M with PID 6168 (started by chenglong in C:\Users\chenglong\Desktop\learncases)
2022-06-04 22:58:31.053 [main] INFO  com.whalefall.learncases.valid.customvalid.Tester - No active profile set, falling back to 1 default profile: "default"
2022-06-04 22:58:32.375 [main] INFO  c.w.learncases.exception.ExceptionConfiguration - Creating SimpleMappingExceptionResolver
2022-06-04 22:58:33.574 [main] INFO  o.s.b.test.mock.web.SpringBootMockServletContext - Initializing Spring TestDispatcherServlet ''
2022-06-04 22:58:33.574 [main] INFO  o.s.test.web.servlet.TestDispatcherServlet - Initializing Servlet ''
2022-06-04 22:58:33.574 [main] INFO  o.s.test.web.servlet.TestDispatcherServlet - Completed initialization in 0 ms
2022-06-04 22:58:33.602 [main] INFO  com.whalefall.learncases.valid.customvalid.Tester - Started Tester in 3.293 seconds (JVM running for 5.485)
2022-06-04 22:59:44.372 [background-preinit] INFO  org.hibernate.validator.internal.util.Version - HV000001: Hibernate Validator 6.2.3.Final
2022-06-04 22:59:44.388 [main] INFO  com.whalefall.learncases.valid.customvalid.Tester - Starting Tester using Java 1.8.0_212 on DESKTOP-8EFCN0M with PID 8340 (started by chenglong in C:\Users\chenglong\Desktop\learncases)
2022-06-04 22:59:44.389 [main] INFO  com.whalefall.learncases.valid.customvalid.Tester - No active profile set, falling back to 1 default profile: "default"
2022-06-04 22:59:45.835 [main] INFO  c.w.learncases.exception.ExceptionConfiguration - Creating SimpleMappingExceptionResolver
2022-06-04 22:59:47.063 [main] INFO  o.s.b.test.mock.web.SpringBootMockServletContext - Initializing Spring TestDispatcherServlet ''
2022-06-04 22:59:47.063 [main] INFO  o.s.test.web.servlet.TestDispatcherServlet - Initializing Servlet ''
2022-06-04 22:59:47.064 [main] INFO  o.s.test.web.servlet.TestDispatcherServlet - Completed initialization in 0 ms
2022-06-04 22:59:47.092 [main] INFO  com.whalefall.learncases.valid.customvalid.Tester - Started Tester in 3.506 seconds (JVM running for 5.394)
2022-06-04 23:05:19.211 [background-preinit] INFO  org.hibernate.validator.internal.util.Version - HV000001: Hibernate Validator 6.2.3.Final
2022-06-04 23:05:19.227 [main] INFO  com.whalefall.learncases.LearncasesApplication - Starting LearncasesApplication using Java 1.8.0_212 on DESKTOP-8EFCN0M with PID 748 (C:\Users\chenglong\Desktop\learncases\target\classes started by chenglong in C:\Users\chenglong\Desktop\learncases)
2022-06-04 23:05:19.227 [main] INFO  com.whalefall.learncases.LearncasesApplication - No active profile set, falling back to 1 default profile: "default"
2022-06-04 23:05:20.564 [main] INFO  o.s.boot.web.embedded.tomcat.TomcatWebServer - Tomcat initialized with port(s): 8080 (http)
2022-06-04 23:05:20.578 [main] INFO  org.apache.coyote.http11.Http11NioProtocol - Initializing ProtocolHandler ["http-nio-8080"]
2022-06-04 23:05:20.579 [main] INFO  org.apache.catalina.core.StandardService - Starting service [Tomcat]
2022-06-04 23:05:20.579 [main] INFO  org.apache.catalina.core.StandardEngine - Starting Servlet engine: [Apache Tomcat/9.0.63]
2022-06-04 23:05:20.767 [main] INFO  o.a.c.core.ContainerBase.[Tomcat].[localhost].[/] - Initializing Spring embedded WebApplicationContext
2022-06-04 23:05:20.767 [main] INFO  o.s.b.w.s.c.ServletWebServerApplicationContext - Root WebApplicationContext: initialization completed in 1487 ms
2022-06-04 23:05:20.868 [main] INFO  c.w.learncases.exception.ExceptionConfiguration - Creating SimpleMappingExceptionResolver
2022-06-04 23:05:21.316 [main] INFO  org.apache.coyote.http11.Http11NioProtocol - Starting ProtocolHandler ["http-nio-8080"]
2022-06-04 23:05:21.331 [main] INFO  o.s.boot.web.embedded.tomcat.TomcatWebServer - Tomcat started on port(s): 8080 (http) with context path ''
2022-06-04 23:05:21.353 [main] INFO  com.whalefall.learncases.LearncasesApplication - Started LearncasesApplication in 2.915 seconds (JVM running for 4.213)
2022-06-04 23:05:30.741 [http-nio-8080-exec-1] INFO  o.a.c.core.ContainerBase.[Tomcat].[localhost].[/] - Initializing Spring DispatcherServlet 'dispatcherServlet'
2022-06-04 23:05:30.741 [http-nio-8080-exec-1] INFO  org.springframework.web.servlet.DispatcherServlet - Initializing Servlet 'dispatcherServlet'
2022-06-04 23:05:30.741 [http-nio-8080-exec-1] INFO  org.springframework.web.servlet.DispatcherServlet - Completed initialization in 0 ms
2022-06-04 23:06:40.582 [background-preinit] INFO  org.hibernate.validator.internal.util.Version - HV000001: Hibernate Validator 6.2.3.Final
2022-06-04 23:06:40.587 [main] INFO  com.whalefall.learncases.LearncasesApplication - Starting LearncasesApplication using Java 1.8.0_212 on DESKTOP-8EFCN0M with PID 9152 (C:\Users\chenglong\Desktop\learncases\target\classes started by chenglong in C:\Users\chenglong\Desktop\learncases)
2022-06-04 23:06:40.588 [main] INFO  com.whalefall.learncases.LearncasesApplication - No active profile set, falling back to 1 default profile: "default"
2022-06-04 23:06:41.878 [main] INFO  o.s.boot.web.embedded.tomcat.TomcatWebServer - Tomcat initialized with port(s): 8080 (http)
2022-06-04 23:06:41.878 [main] INFO  org.apache.coyote.http11.Http11NioProtocol - Initializing ProtocolHandler ["http-nio-8080"]
2022-06-04 23:06:41.878 [main] INFO  org.apache.catalina.core.StandardService - Starting service [Tomcat]
2022-06-04 23:06:41.878 [main] INFO  org.apache.catalina.core.StandardEngine - Starting Servlet engine: [Apache Tomcat/9.0.63]
2022-06-04 23:06:42.094 [main] INFO  o.a.c.core.ContainerBase.[Tomcat].[localhost].[/] - Initializing Spring embedded WebApplicationContext
2022-06-04 23:06:42.094 [main] INFO  o.s.b.w.s.c.ServletWebServerApplicationContext - Root WebApplicationContext: initialization completed in 1445 ms
2022-06-04 23:06:42.179 [main] INFO  c.w.learncases.exception.ExceptionConfiguration - Creating SimpleMappingExceptionResolver
2022-06-04 23:06:42.595 [main] INFO  org.apache.coyote.http11.Http11NioProtocol - Starting ProtocolHandler ["http-nio-8080"]
2022-06-04 23:06:42.611 [main] INFO  o.s.boot.web.embedded.tomcat.TomcatWebServer - Tomcat started on port(s): 8080 (http) with context path ''
2022-06-04 23:06:42.626 [main] INFO  com.whalefall.learncases.LearncasesApplication - Started LearncasesApplication in 2.786 seconds (JVM running for 4.088)
2022-06-04 23:06:44.705 [http-nio-8080-exec-2] INFO  o.a.c.core.ContainerBase.[Tomcat].[localhost].[/] - Initializing Spring DispatcherServlet 'dispatcherServlet'
2022-06-04 23:06:44.705 [http-nio-8080-exec-2] INFO  org.springframework.web.servlet.DispatcherServlet - Initializing Servlet 'dispatcherServlet'
2022-06-04 23:06:44.705 [http-nio-8080-exec-2] INFO  org.springframework.web.servlet.DispatcherServlet - Completed initialization in 0 ms
2022-06-04 23:07:51.895 [background-preinit] INFO  org.hibernate.validator.internal.util.Version - HV000001: Hibernate Validator 6.2.3.Final
2022-06-04 23:07:51.895 [main] INFO  com.whalefall.learncases.LearncasesApplication - Starting LearncasesApplication using Java 1.8.0_212 on DESKTOP-8EFCN0M with PID 13696 (C:\Users\chenglong\Desktop\learncases\target\classes started by chenglong in C:\Users\chenglong\Desktop\learncases)
2022-06-04 23:07:51.895 [main] INFO  com.whalefall.learncases.LearncasesApplication - No active profile set, falling back to 1 default profile: "default"
2022-06-04 23:07:53.230 [main] INFO  o.s.boot.web.embedded.tomcat.TomcatWebServer - Tomcat initialized with port(s): 8080 (http)
2022-06-04 23:07:53.247 [main] INFO  org.apache.coyote.http11.Http11NioProtocol - Initializing ProtocolHandler ["http-nio-8080"]
2022-06-04 23:07:53.247 [main] INFO  org.apache.catalina.core.StandardService - Starting service [Tomcat]
2022-06-04 23:07:53.247 [main] INFO  org.apache.catalina.core.StandardEngine - Starting Servlet engine: [Apache Tomcat/9.0.63]
2022-06-04 23:07:53.462 [main] INFO  o.a.c.core.ContainerBase.[Tomcat].[localhost].[/] - Initializing Spring embedded WebApplicationContext
2022-06-04 23:07:53.462 [main] INFO  o.s.b.w.s.c.ServletWebServerApplicationContext - Root WebApplicationContext: initialization completed in 1498 ms
2022-06-04 23:07:53.547 [main] INFO  c.w.learncases.exception.ExceptionConfiguration - Creating SimpleMappingExceptionResolver
2022-06-04 23:07:53.948 [main] INFO  org.apache.coyote.http11.Http11NioProtocol - Starting ProtocolHandler ["http-nio-8080"]
2022-06-04 23:07:53.970 [main] INFO  o.s.boot.web.embedded.tomcat.TomcatWebServer - Tomcat started on port(s): 8080 (http) with context path ''
2022-06-04 23:07:53.985 [main] INFO  com.whalefall.learncases.LearncasesApplication - Started LearncasesApplication in 2.839 seconds (JVM running for 4.218)
2022-06-04 23:08:16.033 [http-nio-8080-exec-1] INFO  o.a.c.core.ContainerBase.[Tomcat].[localhost].[/] - Initializing Spring DispatcherServlet 'dispatcherServlet'
2022-06-04 23:08:16.034 [http-nio-8080-exec-1] INFO  org.springframework.web.servlet.DispatcherServlet - Initializing Servlet 'dispatcherServlet'
2022-06-04 23:08:16.035 [http-nio-8080-exec-1] INFO  org.springframework.web.servlet.DispatcherServlet - Completed initialization in 1 ms
2022-06-04 23:08:16.199 [http-nio-8080-exec-1] INFO  c.w.l.valid.customvalid.ValidatedPhoneController - 123145123123
2022-06-04 23:08:27.607 [background-preinit] INFO  org.hibernate.validator.internal.util.Version - HV000001: Hibernate Validator 6.2.3.Final
2022-06-04 23:08:27.617 [main] INFO  com.whalefall.learncases.LearncasesApplication - Starting LearncasesApplication using Java 1.8.0_212 on DESKTOP-8EFCN0M with PID 13272 (C:\Users\chenglong\Desktop\learncases\target\classes started by chenglong in C:\Users\chenglong\Desktop\learncases)
2022-06-04 23:08:27.617 [main] INFO  com.whalefall.learncases.LearncasesApplication - No active profile set, falling back to 1 default profile: "default"
2022-06-04 23:08:29.137 [main] INFO  o.s.boot.web.embedded.tomcat.TomcatWebServer - Tomcat initialized with port(s): 8080 (http)
2022-06-04 23:08:29.149 [main] INFO  org.apache.coyote.http11.Http11NioProtocol - Initializing ProtocolHandler ["http-nio-8080"]
2022-06-04 23:08:29.149 [main] INFO  org.apache.catalina.core.StandardService - Starting service [Tomcat]
2022-06-04 23:08:29.149 [main] INFO  org.apache.catalina.core.StandardEngine - Starting Servlet engine: [Apache Tomcat/9.0.63]
2022-06-04 23:08:29.334 [main] INFO  o.a.c.core.ContainerBase.[Tomcat].[localhost].[/] - Initializing Spring embedded WebApplicationContext
2022-06-04 23:08:29.350 [main] INFO  o.s.b.w.s.c.ServletWebServerApplicationContext - Root WebApplicationContext: initialization completed in 1662 ms
2022-06-04 23:08:29.435 [main] INFO  c.w.learncases.exception.ExceptionConfiguration - Creating SimpleMappingExceptionResolver
2022-06-04 23:08:29.814 [main] INFO  org.apache.coyote.http11.Http11NioProtocol - Starting ProtocolHandler ["http-nio-8080"]
2022-06-04 23:08:29.820 [main] INFO  o.s.boot.web.embedded.tomcat.TomcatWebServer - Tomcat started on port(s): 8080 (http) with context path ''
2022-06-04 23:08:29.836 [main] INFO  com.whalefall.learncases.LearncasesApplication - Started LearncasesApplication in 3.039 seconds (JVM running for 4.582)
2022-06-04 23:08:31.655 [http-nio-8080-exec-1] INFO  o.a.c.core.ContainerBase.[Tomcat].[localhost].[/] - Initializing Spring DispatcherServlet 'dispatcherServlet'
2022-06-04 23:08:31.655 [http-nio-8080-exec-1] INFO  org.springframework.web.servlet.DispatcherServlet - Initializing Servlet 'dispatcherServlet'
2022-06-04 23:08:31.655 [http-nio-8080-exec-1] INFO  org.springframework.web.servlet.DispatcherServlet - Completed initialization in 0 ms
2022-06-04 23:08:31.824 [http-nio-8080-exec-1] INFO  c.w.l.valid.customvalid.ValidatedPhoneController - 123145123123
2022-06-04 23:09:37.953 [background-preinit] INFO  org.hibernate.validator.internal.util.Version - HV000001: Hibernate Validator 6.2.3.Final
2022-06-04 23:09:37.973 [main] INFO  com.whalefall.learncases.LearncasesApplication - Starting LearncasesApplication using Java 1.8.0_212 on DESKTOP-8EFCN0M with PID 3456 (C:\Users\chenglong\Desktop\learncases\target\classes started by chenglong in C:\Users\chenglong\Desktop\learncases)
2022-06-04 23:09:37.973 [main] INFO  com.whalefall.learncases.LearncasesApplication - No active profile set, falling back to 1 default profile: "default"
2022-06-04 23:09:39.238 [main] INFO  o.s.boot.web.embedded.tomcat.TomcatWebServer - Tomcat initialized with port(s): 8080 (http)
2022-06-04 23:09:39.254 [main] INFO  org.apache.coyote.http11.Http11NioProtocol - Initializing ProtocolHandler ["http-nio-8080"]
2022-06-04 23:09:39.254 [main] INFO  org.apache.catalina.core.StandardService - Starting service [Tomcat]
2022-06-04 23:09:39.254 [main] INFO  org.apache.catalina.core.StandardEngine - Starting Servlet engine: [Apache Tomcat/9.0.63]
2022-06-04 23:09:39.455 [main] INFO  o.a.c.core.ContainerBase.[Tomcat].[localhost].[/] - Initializing Spring embedded WebApplicationContext
2022-06-04 23:09:39.455 [main] INFO  o.s.b.w.s.c.ServletWebServerApplicationContext - Root WebApplicationContext: initialization completed in 1418 ms
2022-06-04 23:09:39.956 [main] INFO  org.apache.coyote.http11.Http11NioProtocol - Starting ProtocolHandler ["http-nio-8080"]
2022-06-04 23:09:39.978 [main] INFO  o.s.boot.web.embedded.tomcat.TomcatWebServer - Tomcat started on port(s): 8080 (http) with context path ''
2022-06-04 23:09:39.978 [main] INFO  com.whalefall.learncases.LearncasesApplication - Started LearncasesApplication in 2.756 seconds (JVM running for 4.229)
2022-06-04 23:09:42.021 [http-nio-8080-exec-1] INFO  o.a.c.core.ContainerBase.[Tomcat].[localhost].[/] - Initializing Spring DispatcherServlet 'dispatcherServlet'
2022-06-04 23:09:42.021 [http-nio-8080-exec-1] INFO  org.springframework.web.servlet.DispatcherServlet - Initializing Servlet 'dispatcherServlet'
2022-06-04 23:09:42.021 [http-nio-8080-exec-1] INFO  org.springframework.web.servlet.DispatcherServlet - Completed initialization in 0 ms
2022-06-04 23:09:54.946 [background-preinit] INFO  org.hibernate.validator.internal.util.Version - HV000001: Hibernate Validator 6.2.3.Final
2022-06-04 23:09:54.946 [main] INFO  com.whalefall.learncases.LearncasesApplication - Starting LearncasesApplication using Java 1.8.0_212 on DESKTOP-8EFCN0M with PID 12052 (C:\Users\chenglong\Desktop\learncases\target\classes started by chenglong in C:\Users\chenglong\Desktop\learncases)
2022-06-04 23:09:54.961 [main] INFO  com.whalefall.learncases.LearncasesApplication - No active profile set, falling back to 1 default profile: "default"
2022-06-04 23:09:56.252 [main] INFO  o.s.boot.web.embedded.tomcat.TomcatWebServer - Tomcat initialized with port(s): 8080 (http)
2022-06-04 23:09:56.267 [main] INFO  org.apache.coyote.http11.Http11NioProtocol - Initializing ProtocolHandler ["http-nio-8080"]
2022-06-04 23:09:56.267 [main] INFO  org.apache.catalina.core.StandardService - Starting service [Tomcat]
2022-06-04 23:09:56.268 [main] INFO  org.apache.catalina.core.StandardEngine - Starting Servlet engine: [Apache Tomcat/9.0.63]
2022-06-04 23:09:56.465 [main] INFO  o.a.c.core.ContainerBase.[Tomcat].[localhost].[/] - Initializing Spring embedded WebApplicationContext
2022-06-04 23:09:56.465 [main] INFO  o.s.b.w.s.c.ServletWebServerApplicationContext - Root WebApplicationContext: initialization completed in 1450 ms
2022-06-04 23:09:56.981 [main] INFO  org.apache.coyote.http11.Http11NioProtocol - Starting ProtocolHandler ["http-nio-8080"]
2022-06-04 23:09:56.997 [main] INFO  o.s.boot.web.embedded.tomcat.TomcatWebServer - Tomcat started on port(s): 8080 (http) with context path ''
2022-06-04 23:09:57.019 [main] INFO  com.whalefall.learncases.LearncasesApplication - Started LearncasesApplication in 2.844 seconds (JVM running for 4.649)
2022-06-04 23:10:01.822 [http-nio-8080-exec-2] INFO  o.a.c.core.ContainerBase.[Tomcat].[localhost].[/] - Initializing Spring DispatcherServlet 'dispatcherServlet'
2022-06-04 23:10:01.822 [http-nio-8080-exec-2] INFO  org.springframework.web.servlet.DispatcherServlet - Initializing Servlet 'dispatcherServlet'
2022-06-04 23:10:01.822 [http-nio-8080-exec-2] INFO  org.springframework.web.servlet.DispatcherServlet - Completed initialization in 0 ms
2022-06-04 23:10:40.925 [background-preinit] INFO  org.hibernate.validator.internal.util.Version - HV000001: Hibernate Validator 6.2.3.Final
2022-06-04 23:10:40.925 [main] INFO  com.whalefall.learncases.LearncasesApplication - Starting LearncasesApplication using Java 1.8.0_212 on DESKTOP-8EFCN0M with PID 8676 (C:\Users\chenglong\Desktop\learncases\target\classes started by chenglong in C:\Users\chenglong\Desktop\learncases)
2022-06-04 23:10:40.925 [main] INFO  com.whalefall.learncases.LearncasesApplication - No active profile set, falling back to 1 default profile: "default"
2022-06-04 23:10:42.227 [main] INFO  o.s.boot.web.embedded.tomcat.TomcatWebServer - Tomcat initialized with port(s): 8080 (http)
2022-06-04 23:10:42.243 [main] INFO  org.apache.coyote.http11.Http11NioProtocol - Initializing ProtocolHandler ["http-nio-8080"]
2022-06-04 23:10:42.243 [main] INFO  org.apache.catalina.core.StandardService - Starting service [Tomcat]
2022-06-04 23:10:42.243 [main] INFO  org.apache.catalina.core.StandardEngine - Starting Servlet engine: [Apache Tomcat/9.0.63]
2022-06-04 23:10:42.445 [main] INFO  o.a.c.core.ContainerBase.[Tomcat].[localhost].[/] - Initializing Spring embedded WebApplicationContext
2022-06-04 23:10:42.445 [main] INFO  o.s.b.w.s.c.ServletWebServerApplicationContext - Root WebApplicationContext: initialization completed in 1451 ms
2022-06-04 23:10:42.952 [main] INFO  org.apache.coyote.http11.Http11NioProtocol - Starting ProtocolHandler ["http-nio-8080"]
2022-06-04 23:10:42.982 [main] INFO  o.s.boot.web.embedded.tomcat.TomcatWebServer - Tomcat started on port(s): 8080 (http) with context path ''
2022-06-04 23:10:42.998 [main] INFO  com.whalefall.learncases.LearncasesApplication - Started LearncasesApplication in 2.802 seconds (JVM running for 4.148)
2022-06-04 23:10:45.288 [http-nio-8080-exec-1] INFO  o.a.c.core.ContainerBase.[Tomcat].[localhost].[/] - Initializing Spring DispatcherServlet 'dispatcherServlet'
2022-06-04 23:10:45.288 [http-nio-8080-exec-1] INFO  org.springframework.web.servlet.DispatcherServlet - Initializing Servlet 'dispatcherServlet'
2022-06-04 23:10:45.288 [http-nio-8080-exec-1] INFO  org.springframework.web.servlet.DispatcherServlet - Completed initialization in 0 ms
2022-06-04 23:11:54.449 [background-preinit] INFO  org.hibernate.validator.internal.util.Version - HV000001: Hibernate Validator 6.2.3.Final
2022-06-04 23:11:54.449 [main] INFO  com.whalefall.learncases.LearncasesApplication - Starting LearncasesApplication using Java 1.8.0_212 on DESKTOP-8EFCN0M with PID 9540 (C:\Users\chenglong\Desktop\learncases\target\classes started by chenglong in C:\Users\chenglong\Desktop\learncases)
2022-06-04 23:11:54.449 [main] INFO  com.whalefall.learncases.LearncasesApplication - No active profile set, falling back to 1 default profile: "default"
2022-06-04 23:11:55.752 [main] INFO  o.s.boot.web.embedded.tomcat.TomcatWebServer - Tomcat initialized with port(s): 8080 (http)
2022-06-04 23:11:55.773 [main] INFO  org.apache.coyote.http11.Http11NioProtocol - Initializing ProtocolHandler ["http-nio-8080"]
2022-06-04 23:11:55.774 [main] INFO  org.apache.catalina.core.StandardService - Starting service [Tomcat]
2022-06-04 23:11:55.774 [main] INFO  org.apache.catalina.core.StandardEngine - Starting Servlet engine: [Apache Tomcat/9.0.63]
2022-06-04 23:11:55.974 [main] INFO  o.a.c.core.ContainerBase.[Tomcat].[localhost].[/] - Initializing Spring embedded WebApplicationContext
2022-06-04 23:11:55.974 [main] INFO  o.s.b.w.s.c.ServletWebServerApplicationContext - Root WebApplicationContext: initialization completed in 1456 ms
2022-06-04 23:11:56.514 [main] INFO  org.apache.coyote.http11.Http11NioProtocol - Starting ProtocolHandler ["http-nio-8080"]
2022-06-04 23:11:56.537 [main] INFO  o.s.boot.web.embedded.tomcat.TomcatWebServer - Tomcat started on port(s): 8080 (http) with context path ''
2022-06-04 23:11:56.549 [main] INFO  com.whalefall.learncases.LearncasesApplication - Started LearncasesApplication in 2.822 seconds (JVM running for 4.204)
2022-06-04 23:11:58.955 [http-nio-8080-exec-1] INFO  o.a.c.core.ContainerBase.[Tomcat].[localhost].[/] - Initializing Spring DispatcherServlet 'dispatcherServlet'
2022-06-04 23:11:58.956 [http-nio-8080-exec-1] INFO  org.springframework.web.servlet.DispatcherServlet - Initializing Servlet 'dispatcherServlet'
2022-06-04 23:11:58.958 [http-nio-8080-exec-1] INFO  org.springframework.web.servlet.DispatcherServlet - Completed initialization in 1 ms
2022-06-04 23:14:15.630 [background-preinit] INFO  org.hibernate.validator.internal.util.Version - HV000001: Hibernate Validator 6.2.3.Final
2022-06-04 23:14:15.652 [main] INFO  com.whalefall.learncases.LearncasesApplication - Starting LearncasesApplication using Java 1.8.0_212 on DESKTOP-8EFCN0M with PID 10860 (C:\Users\chenglong\Desktop\learncases\target\classes started by chenglong in C:\Users\chenglong\Desktop\learncases)
2022-06-04 23:14:15.652 [main] INFO  com.whalefall.learncases.LearncasesApplication - No active profile set, falling back to 1 default profile: "default"
2022-06-04 23:14:17.041 [main] INFO  o.s.boot.web.embedded.tomcat.TomcatWebServer - Tomcat initialized with port(s): 8080 (http)
2022-06-04 23:14:17.055 [main] INFO  org.apache.coyote.http11.Http11NioProtocol - Initializing ProtocolHandler ["http-nio-8080"]
2022-06-04 23:14:17.055 [main] INFO  org.apache.catalina.core.StandardService - Starting service [Tomcat]
2022-06-04 23:14:17.055 [main] INFO  org.apache.catalina.core.StandardEngine - Starting Servlet engine: [Apache Tomcat/9.0.63]
2022-06-04 23:14:17.255 [main] INFO  o.a.c.core.ContainerBase.[Tomcat].[localhost].[/] - Initializing Spring embedded WebApplicationContext
2022-06-04 23:14:17.255 [main] INFO  o.s.b.w.s.c.ServletWebServerApplicationContext - Root WebApplicationContext: initialization completed in 1539 ms
2022-06-04 23:14:17.819 [main] INFO  org.apache.coyote.http11.Http11NioProtocol - Starting ProtocolHandler ["http-nio-8080"]
2022-06-04 23:14:17.857 [main] INFO  o.s.boot.web.embedded.tomcat.TomcatWebServer - Tomcat started on port(s): 8080 (http) with context path ''
2022-06-04 23:14:17.857 [main] INFO  com.whalefall.learncases.LearncasesApplication - Started LearncasesApplication in 3.015 seconds (JVM running for 4.34)
2022-06-04 23:14:19.639 [http-nio-8080-exec-1] INFO  o.a.c.core.ContainerBase.[Tomcat].[localhost].[/] - Initializing Spring DispatcherServlet 'dispatcherServlet'
2022-06-04 23:14:19.639 [http-nio-8080-exec-1] INFO  org.springframework.web.servlet.DispatcherServlet - Initializing Servlet 'dispatcherServlet'
2022-06-04 23:14:19.639 [http-nio-8080-exec-1] INFO  org.springframework.web.servlet.DispatcherServlet - Completed initialization in 0 ms
